INFO 2025-07-29 07:13:30,880 autoreload 2460 140185064341760 Watching for file changes with StatReloader
ERROR 2025-07-29 07:13:38,128 log 2460 140184788305600 Internal Server Error: /
Traceback (most recent call last):
  File "/home/ubuntu/.local/lib/python3.13/site-packages/django/core/handlers/exception.py", line 55, in inner
    response = get_response(request)
  File "/home/ubuntu/.local/lib/python3.13/site-packages/django/core/handlers/base.py", line 185, in _get_response
    response = middleware_method(
        request, callback, callback_args, callback_kwargs
    )
  File "/workspace/noctisview/middleware.py", line 74, in process_view
    csrf_middleware = CsrfViewMiddleware()
TypeError: MiddlewareMixin.__init__() missing 1 required positional argument: 'get_response'
ERROR 2025-07-29 07:13:38,128 basehttp 2460 140184788305600 "HEAD / HTTP/1.1" 500 0
ERROR 2025-07-29 07:13:42,829 log 2460 140184788305600 Internal Server Error: /
Traceback (most recent call last):
  File "/home/ubuntu/.local/lib/python3.13/site-packages/django/core/handlers/exception.py", line 55, in inner
    response = get_response(request)
  File "/home/ubuntu/.local/lib/python3.13/site-packages/django/core/handlers/base.py", line 185, in _get_response
    response = middleware_method(
        request, callback, callback_args, callback_kwargs
    )
  File "/workspace/noctisview/middleware.py", line 74, in process_view
    csrf_middleware = CsrfViewMiddleware()
TypeError: MiddlewareMixin.__init__() missing 1 required positional argument: 'get_response'
ERROR 2025-07-29 07:13:42,830 basehttp 2460 140184788305600 "GET / HTTP/1.1" 500 62490
INFO 2025-07-29 07:14:01,667 autoreload 2899 140179492512000 Watching for file changes with StatReloader
ERROR 2025-07-29 07:14:06,723 log 2899 140179142604480 Internal Server Error: /
Traceback (most recent call last):
  File "/home/ubuntu/.local/lib/python3.13/site-packages/django/core/handlers/exception.py", line 55, in inner
    response = get_response(request)
  File "/home/ubuntu/.local/lib/python3.13/site-packages/django/core/handlers/base.py", line 185, in _get_response
    response = middleware_method(
        request, callback, callback_args, callback_kwargs
    )
  File "/workspace/noctisview/middleware.py", line 74, in process_view
    csrf_middleware = CsrfViewMiddleware()
TypeError: MiddlewareMixin.__init__() missing 1 required positional argument: 'get_response'
ERROR 2025-07-29 07:14:06,724 basehttp 2899 140179142604480 "HEAD / HTTP/1.1" 500 0
INFO 2025-07-29 08:07:14,594 autoreload 2323 139880513061120 Watching for file changes with StatReloader
INFO 2025-07-29 08:07:22,611 basehttp 2323 139880169469632 "GET /admin/ HTTP/1.1" 302 0
INFO 2025-07-29 12:05:35,566 autoreload 2668 139913075200256 Watching for file changes with StatReloader
INFO 2025-07-29 12:06:32,048 autoreload 2668 139913075200256 /workspace/viewer/views.py changed, reloading.
INFO 2025-07-29 12:06:32,394 autoreload 2721 140457012117760 Watching for file changes with StatReloader
INFO 2025-07-29 12:06:42,590 autoreload 2721 140457012117760 /workspace/viewer/models.py changed, reloading.
INFO 2025-07-29 12:06:42,930 autoreload 2939 139714209620224 Watching for file changes with StatReloader
INFO 2025-07-29 12:06:50,084 autoreload 2939 139714209620224 /workspace/viewer/models.py changed, reloading.
INFO 2025-07-29 12:06:50,416 autoreload 2986 139834657067264 Watching for file changes with StatReloader
INFO 2025-07-29 12:07:00,601 autoreload 2986 139834657067264 /workspace/viewer/models.py changed, reloading.
INFO 2025-07-29 12:07:00,940 autoreload 3021 139780126220544 Watching for file changes with StatReloader
INFO 2025-07-29 12:07:16,149 autoreload 3021 139780126220544 /workspace/viewer/views.py changed, reloading.
INFO 2025-07-29 12:07:16,498 autoreload 3218 139693649654016 Watching for file changes with StatReloader
INFO 2025-07-29 12:08:11,604 autoreload 3601 140678600294656 Watching for file changes with StatReloader
WARNING 2025-07-29 12:08:52,891 log 3218 139693376308928 Not Found: /viewer/upload/
WARNING 2025-07-29 12:08:52,891 basehttp 3218 139693376308928 "POST /viewer/upload/ HTTP/1.1" 404 7832
INFO 2025-07-29 12:09:00,010 middleware 3218 139693376308928 API Request: POST /viewer/api/upload/
DEBUG 2025-07-29 12:09:00,010 middleware 3218 139693376308928 Request body size: 66058 bytes
DEBUG 2025-07-29 12:09:00,012 middleware 3218 139693376308928 Request duration: POST /viewer/api/upload/ took 0.001s
INFO 2025-07-29 12:09:00,012 middleware 3218 139693376308928 API Response: POST /viewer/api/upload/ - Status: 400
DEBUG 2025-07-29 12:09:00,012 middleware 3218 139693376308928 Response size: 103 bytes
WARNING 2025-07-29 12:09:00,012 log 3218 139693376308928 Bad Request: /viewer/api/upload/
WARNING 2025-07-29 12:09:00,013 basehttp 3218 139693376308928 "POST /viewer/api/upload/ HTTP/1.1" 400 103
INFO 2025-07-29 12:09:14,412 autoreload 3218 139693649654016 /workspace/viewer/views.py changed, reloading.
INFO 2025-07-29 12:09:14,779 autoreload 4013 140606139035904 Watching for file changes with StatReloader
INFO 2025-07-29 12:09:24,974 autoreload 4013 140606139035904 /workspace/viewer/models.py changed, reloading.
INFO 2025-07-29 12:09:25,344 autoreload 4132 140509948875008 Watching for file changes with StatReloader
INFO 2025-07-29 12:09:26,164 middleware 4132 140509673678528 API Request: POST /viewer/api/upload/
DEBUG 2025-07-29 12:09:26,165 middleware 4132 140509673678528 Request body size: 66058 bytes
DEBUG 2025-07-29 12:09:26,182 middleware 4132 140509673678528 Request duration: POST /viewer/api/upload/ took 0.017s
INFO 2025-07-29 12:09:26,182 middleware 4132 140509673678528 API Response: POST /viewer/api/upload/ - Status: 200
DEBUG 2025-07-29 12:09:26,182 middleware 4132 140509673678528 Response size: 98 bytes
INFO 2025-07-29 12:09:26,182 basehttp 4132 140509673678528 "POST /viewer/api/upload/ HTTP/1.1" 200 98
INFO 2025-07-29 12:09:26,184 middleware 4132 140509673678528 API Request: GET /viewer/api/studies/1/images/
DEBUG 2025-07-29 12:09:26,187 middleware 4132 140509673678528 Request duration: GET /viewer/api/studies/1/images/ took 0.003s
INFO 2025-07-29 12:09:26,187 middleware 4132 140509673678528 API Response: GET /viewer/api/studies/1/images/ - Status: 200
DEBUG 2025-07-29 12:09:26,187 middleware 4132 140509673678528 Response size: 423 bytes
INFO 2025-07-29 12:09:26,188 basehttp 4132 140509673678528 "GET /viewer/api/studies/1/images/ HTTP/1.1" 200 423
INFO 2025-07-29 12:09:26,189 middleware 4132 140509665285824 API Request: GET /viewer/api/images/1/data/
DEBUG 2025-07-29 12:09:26,192 middleware 4132 140509665285824 Request duration: GET /viewer/api/images/1/data/ took 0.002s
INFO 2025-07-29 12:09:26,192 middleware 4132 140509665285824 API Response: GET /viewer/api/images/1/data/ - Status: 500
DEBUG 2025-07-29 12:09:26,192 middleware 4132 140509665285824 Response size: 70 bytes
ERROR 2025-07-29 12:09:26,192 log 4132 140509665285824 Internal Server Error: /viewer/api/images/1/data/
ERROR 2025-07-29 12:09:26,192 basehttp 4132 140509665285824 "GET /viewer/api/images/1/data/ HTTP/1.1" 500 70
INFO 2025-07-29 12:09:53,713 autoreload 4132 140509948875008 /workspace/viewer/models.py changed, reloading.
INFO 2025-07-29 12:09:54,119 autoreload 4384 140492510798080 Watching for file changes with StatReloader
INFO 2025-07-29 12:10:12,387 autoreload 4384 140492510798080 /workspace/viewer/models.py changed, reloading.
INFO 2025-07-29 12:10:12,762 autoreload 4485 140589956800768 Watching for file changes with StatReloader
INFO 2025-07-29 12:10:36,023 middleware 4485 140589681075904 API Request: POST /viewer/api/upload/
DEBUG 2025-07-29 12:10:36,023 middleware 4485 140589681075904 Request body size: 66174 bytes
DEBUG 2025-07-29 12:10:36,032 middleware 4485 140589681075904 Request duration: POST /viewer/api/upload/ took 0.009s
INFO 2025-07-29 12:10:36,032 middleware 4485 140589681075904 API Response: POST /viewer/api/upload/ - Status: 400
DEBUG 2025-07-29 12:10:36,032 middleware 4485 140589681075904 Response size: 47 bytes
WARNING 2025-07-29 12:10:36,032 log 4485 140589681075904 Bad Request: /viewer/api/upload/
WARNING 2025-07-29 12:10:36,033 basehttp 4485 140589681075904 "POST /viewer/api/upload/ HTTP/1.1" 400 47
INFO 2025-07-29 12:10:53,220 autoreload 4485 140589956800768 /workspace/viewer/views.py changed, reloading.
INFO 2025-07-29 12:10:53,616 autoreload 4650 140082471538944 Watching for file changes with StatReloader
INFO 2025-07-29 12:10:55,478 middleware 4650 140082195457728 API Request: POST /viewer/api/upload/
DEBUG 2025-07-29 12:10:55,478 middleware 4650 140082195457728 Request body size: 66174 bytes
DEBUG 2025-07-29 12:10:55,484 middleware 4650 140082195457728 Request duration: POST /viewer/api/upload/ took 0.006s
INFO 2025-07-29 12:10:55,484 middleware 4650 140082195457728 API Response: POST /viewer/api/upload/ - Status: 400
DEBUG 2025-07-29 12:10:55,484 middleware 4650 140082195457728 Response size: 47 bytes
WARNING 2025-07-29 12:10:55,485 log 4650 140082195457728 Bad Request: /viewer/api/upload/
WARNING 2025-07-29 12:10:55,485 basehttp 4650 140082195457728 "POST /viewer/api/upload/ HTTP/1.1" 400 47
INFO 2025-07-29 12:11:05,927 middleware 4650 140082195457728 API Request: POST /viewer/api/upload/
DEBUG 2025-07-29 12:11:05,927 middleware 4650 140082195457728 Request body size: 175 bytes
DEBUG 2025-07-29 12:11:05,972 middleware 4650 140082195457728 Request duration: POST /viewer/api/upload/ took 0.045s
INFO 2025-07-29 12:11:05,972 middleware 4650 140082195457728 API Response: POST /viewer/api/upload/ - Status: 400
DEBUG 2025-07-29 12:11:05,972 middleware 4650 140082195457728 Response size: 141 bytes
WARNING 2025-07-29 12:11:05,972 log 4650 140082195457728 Bad Request: /viewer/api/upload/
WARNING 2025-07-29 12:11:05,972 basehttp 4650 140082195457728 "POST /viewer/api/upload/ HTTP/1.1" 400 141
INFO 2025-07-29 12:11:13,905 autoreload 4650 140082471538944 /workspace/viewer/views.py changed, reloading.
INFO 2025-07-29 12:11:14,298 autoreload 4822 139700712444160 Watching for file changes with StatReloader
INFO 2025-07-29 12:11:15,820 middleware 4822 139700436199104 API Request: POST /viewer/api/upload/
DEBUG 2025-07-29 12:11:15,820 middleware 4822 139700436199104 Request body size: 66174 bytes
DEBUG 2025-07-29 12:11:15,826 middleware 4822 139700436199104 Request duration: POST /viewer/api/upload/ took 0.006s
INFO 2025-07-29 12:11:15,826 middleware 4822 139700436199104 API Response: POST /viewer/api/upload/ - Status: 400
DEBUG 2025-07-29 12:11:15,826 middleware 4822 139700436199104 Response size: 47 bytes
WARNING 2025-07-29 12:11:15,826 log 4822 139700436199104 Bad Request: /viewer/api/upload/
WARNING 2025-07-29 12:11:15,826 basehttp 4822 139700436199104 "POST /viewer/api/upload/ HTTP/1.1" 400 47
INFO 2025-07-29 12:11:18,995 middleware 4822 139700436199104 API Request: POST /viewer/api/upload/
DEBUG 2025-07-29 12:11:18,995 middleware 4822 139700436199104 Request body size: 5450 bytes
DEBUG 2025-07-29 12:11:19,029 middleware 4822 139700436199104 Request duration: POST /viewer/api/upload/ took 0.035s
INFO 2025-07-29 12:11:19,030 middleware 4822 139700436199104 API Response: POST /viewer/api/upload/ - Status: 200
DEBUG 2025-07-29 12:11:19,030 middleware 4822 139700436199104 Response size: 101 bytes
INFO 2025-07-29 12:11:19,030 basehttp 4822 139700436199104 "POST /viewer/api/upload/ HTTP/1.1" 200 101
INFO 2025-07-29 12:11:36,639 middleware 4822 139700436199104 API Request: POST /viewer/api/upload/
DEBUG 2025-07-29 12:11:36,639 middleware 4822 139700436199104 Request body size: 4618 bytes
DEBUG 2025-07-29 12:11:36,643 middleware 4822 139700436199104 Request duration: POST /viewer/api/upload/ took 0.003s
INFO 2025-07-29 12:11:36,643 middleware 4822 139700436199104 API Response: POST /viewer/api/upload/ - Status: 400
DEBUG 2025-07-29 12:11:36,643 middleware 4822 139700436199104 Response size: 47 bytes
WARNING 2025-07-29 12:11:36,643 log 4822 139700436199104 Bad Request: /viewer/api/upload/
WARNING 2025-07-29 12:11:36,643 basehttp 4822 139700436199104 "POST /viewer/api/upload/ HTTP/1.1" 400 47
INFO 2025-07-29 12:12:38,503 middleware 4822 139700436199104 API Request: GET /viewer/api/studies/3/images/
DEBUG 2025-07-29 12:12:38,507 middleware 4822 139700436199104 Request duration: GET /viewer/api/studies/3/images/ took 0.004s
INFO 2025-07-29 12:12:38,507 middleware 4822 139700436199104 API Response: GET /viewer/api/studies/3/images/ - Status: 200
DEBUG 2025-07-29 12:12:38,507 middleware 4822 139700436199104 Response size: 380 bytes
INFO 2025-07-29 12:12:38,508 basehttp 4822 139700436199104 "GET /viewer/api/studies/3/images/ HTTP/1.1" 200 380
INFO 2025-07-29 12:12:38,510 middleware 4822 139700427806400 API Request: GET /viewer/api/images/2/data/
DEBUG 2025-07-29 12:12:38,513 middleware 4822 139700427806400 Request duration: GET /viewer/api/images/2/data/ took 0.003s
INFO 2025-07-29 12:12:38,513 middleware 4822 139700427806400 API Response: GET /viewer/api/images/2/data/ - Status: 500
DEBUG 2025-07-29 12:12:38,513 middleware 4822 139700427806400 Response size: 70 bytes
ERROR 2025-07-29 12:12:38,513 log 4822 139700427806400 Internal Server Error: /viewer/api/images/2/data/
ERROR 2025-07-29 12:12:38,513 basehttp 4822 139700427806400 "GET /viewer/api/images/2/data/ HTTP/1.1" 500 70
INFO 2025-07-29 12:13:13,230 middleware 4822 139700427806400 API Request: GET /viewer/api/images/1/data/
DEBUG 2025-07-29 12:13:13,243 middleware 4822 139700427806400 Request duration: GET /viewer/api/images/1/data/ took 0.013s
INFO 2025-07-29 12:13:13,243 middleware 4822 139700427806400 API Response: GET /viewer/api/images/1/data/ - Status: 200
DEBUG 2025-07-29 12:13:13,243 middleware 4822 139700427806400 Response size: 87497 bytes
INFO 2025-07-29 12:13:13,244 basehttp 4822 139700427806400 "GET /viewer/api/images/1/data/ HTTP/1.1" 200 87497
INFO 2025-07-29 12:13:43,393 middleware 4822 139700427806400 API Request: POST /viewer/api/upload/
DEBUG 2025-07-29 12:13:43,393 middleware 4822 139700427806400 Request body size: 17038 bytes
DEBUG 2025-07-29 12:13:43,436 middleware 4822 139700427806400 Request duration: POST /viewer/api/upload/ took 0.043s
INFO 2025-07-29 12:13:43,436 middleware 4822 139700427806400 API Response: POST /viewer/api/upload/ - Status: 200
DEBUG 2025-07-29 12:13:43,436 middleware 4822 139700427806400 Response size: 98 bytes
INFO 2025-07-29 12:13:43,436 basehttp 4822 139700427806400 "POST /viewer/api/upload/ HTTP/1.1" 200 98
INFO 2025-07-29 12:13:43,438 middleware 4822 139700436199104 API Request: GET /viewer/api/studies/4/images/
DEBUG 2025-07-29 12:13:43,440 middleware 4822 139700436199104 Request duration: GET /viewer/api/studies/4/images/ took 0.002s
INFO 2025-07-29 12:13:43,440 middleware 4822 139700436199104 API Response: GET /viewer/api/studies/4/images/ - Status: 200
DEBUG 2025-07-29 12:13:43,440 middleware 4822 139700436199104 Response size: 433 bytes
INFO 2025-07-29 12:13:43,441 basehttp 4822 139700436199104 "GET /viewer/api/studies/4/images/ HTTP/1.1" 200 433
INFO 2025-07-29 12:13:43,442 middleware 4822 139700427806400 API Request: GET /viewer/api/images/3/data/
DEBUG 2025-07-29 12:13:43,445 middleware 4822 139700427806400 Request duration: GET /viewer/api/images/3/data/ took 0.003s
INFO 2025-07-29 12:13:43,445 middleware 4822 139700427806400 API Response: GET /viewer/api/images/3/data/ - Status: 200
DEBUG 2025-07-29 12:13:43,445 middleware 4822 139700427806400 Response size: 22123 bytes
INFO 2025-07-29 12:13:43,445 basehttp 4822 139700427806400 "GET /viewer/api/images/3/data/ HTTP/1.1" 200 22123
INFO 2025-07-29 12:14:19,311 middleware 4822 139700427806400 API Request: POST /viewer/api/upload/
DEBUG 2025-07-29 12:14:19,311 middleware 4822 139700427806400 Request body size: 4744 bytes
DEBUG 2025-07-29 12:14:19,346 middleware 4822 139700427806400 Request duration: POST /viewer/api/upload/ took 0.035s
INFO 2025-07-29 12:14:19,346 middleware 4822 139700427806400 API Response: POST /viewer/api/upload/ - Status: 200
DEBUG 2025-07-29 12:14:19,346 middleware 4822 139700427806400 Response size: 98 bytes
INFO 2025-07-29 12:14:19,347 basehttp 4822 139700427806400 "POST /viewer/api/upload/ HTTP/1.1" 200 98
INFO 2025-07-29 12:14:19,349 middleware 4822 139700436199104 API Request: GET /viewer/api/studies/5/images/
DEBUG 2025-07-29 12:14:19,352 middleware 4822 139700436199104 Request duration: GET /viewer/api/studies/5/images/ took 0.003s
INFO 2025-07-29 12:14:19,353 middleware 4822 139700436199104 API Response: GET /viewer/api/studies/5/images/ - Status: 200
DEBUG 2025-07-29 12:14:19,353 middleware 4822 139700436199104 Response size: 427 bytes
INFO 2025-07-29 12:14:19,353 basehttp 4822 139700436199104 "GET /viewer/api/studies/5/images/ HTTP/1.1" 200 427
INFO 2025-07-29 12:14:19,356 middleware 4822 139700427806400 API Request: GET /viewer/api/images/4/data/
DEBUG 2025-07-29 12:14:19,359 middleware 4822 139700427806400 Request duration: GET /viewer/api/images/4/data/ took 0.003s
INFO 2025-07-29 12:14:19,359 middleware 4822 139700427806400 API Response: GET /viewer/api/images/4/data/ - Status: 200
DEBUG 2025-07-29 12:14:19,359 middleware 4822 139700427806400 Response size: 5813 bytes
INFO 2025-07-29 12:14:19,359 basehttp 4822 139700427806400 "GET /viewer/api/images/4/data/ HTTP/1.1" 200 5813
INFO 2025-07-30 06:26:40,319 autoreload 2456 140527617249536 Watching for file changes with StatReloader
INFO 2025-07-30 06:31:04,613 autoreload 2872 139979604631808 Watching for file changes with StatReloader
INFO 2025-07-30 06:31:08,114 basehttp 2456 140527021221568 "GET / HTTP/1.1" 200 9008
INFO 2025-07-30 06:31:08,118 basehttp 2456 140527011780288 "GET /viewer/ HTTP/1.1" 200 17424
INFO 2025-07-30 06:31:08,120 basehttp 2456 140527021221568 "GET /worklist/ HTTP/1.1" 302 0
INFO 2025-07-30 06:31:08,122 basehttp 2456 140527021221568 "GET /accounts/login/?next=/worklist/ HTTP/1.1" 200 6150
INFO 2025-07-30 06:31:08,169 basehttp 2456 140527011780288 "GET /static/js/dicom_viewer.js HTTP/1.1" 200 113689
INFO 2025-07-30 06:31:08,172 basehttp 2456 140527021221568 "GET /viewer/ HTTP/1.1" 200 17424
INFO 2025-07-30 06:31:09,944 basehttp 2456 140527021221568 "GET / HTTP/1.1" 200 9008
INFO 2025-07-30 06:31:11,931 basehttp 2456 140527021221568 "GET / HTTP/1.1" 200 9008
INFO 2025-07-30 06:31:11,934 basehttp 2456 140527011780288 "GET /viewer/ HTTP/1.1" 200 17424
INFO 2025-07-30 06:31:11,936 basehttp 2456 140527021221568 "GET /worklist/ HTTP/1.1" 302 0
INFO 2025-07-30 06:31:11,938 basehttp 2456 140527021221568 "GET /accounts/login/?next=/worklist/ HTTP/1.1" 200 6150
INFO 2025-07-30 06:31:11,984 basehttp 2456 140527011780288 "GET /static/js/dicom_viewer.js HTTP/1.1" 200 113689
INFO 2025-07-30 06:31:11,987 basehttp 2456 140527021221568 "GET /viewer/ HTTP/1.1" 200 17424
INFO 2025-07-31 11:11:48,758 font_manager 3220 140654926369024 Failed to extract font properties from /usr/share/fonts/truetype/noto/NotoColorEmoji.ttf: Can not load face (unknown file format; error code 0x2)
INFO 2025-07-31 11:11:48,768 font_manager 3220 140654926369024 generated new fontManager
INFO 2025-08-01 06:35:38,922 font_manager 2969 139769070915840 Failed to extract font properties from /usr/share/fonts/truetype/noto/NotoColorEmoji.ttf: Can not load face (unknown file format; error code 0x2)
INFO 2025-08-01 06:35:38,928 font_manager 2969 139769070915840 generated new fontManager
INFO 2025-08-01 06:54:20,699 font_manager 3298 140486108643584 Failed to extract font properties from /usr/share/fonts/truetype/noto/NotoColorEmoji.ttf: Can not load face (unknown file format; error code 0x2)
INFO 2025-08-01 06:54:20,703 font_manager 3298 140486108643584 generated new fontManager
INFO 2025-08-01 06:54:27,831 autoreload 3512 140550496096512 Watching for file changes with StatReloader
INFO 2025-08-01 06:54:31,376 basehttp 3512 140549659559616 "HEAD / HTTP/1.1" 200 0
INFO 2025-08-01 11:06:54,927 font_manager 4138 139917397504256 Failed to extract font properties from /usr/share/fonts/truetype/noto/NotoColorEmoji.ttf: Can not load face (unknown file format; error code 0x2)
INFO 2025-08-01 11:06:54,932 font_manager 4138 139917397504256 generated new fontManager
INFO 2025-08-01 11:07:09,266 autoreload 4257 140632712843520 Watching for file changes with StatReloader
INFO 2025-08-01 11:07:17,102 basehttp 4257 140631871911616 "GET / HTTP/1.1" 200 9926
INFO 2025-08-01 11:07:25,510 basehttp 4257 140631871911616 "GET / HTTP/1.1" 200 9926
INFO 2025-08-01 11:07:30,341 basehttp 4257 140631871911616 "GET /viewer/ HTTP/1.1" 200 33008
INFO 2025-08-01 11:52:17,524 autoreload 2332 140137163706624 Watching for file changes with StatReloader
INFO 2025-08-01 11:56:52,543 autoreload 4341 139892132905216 Watching for file changes with StatReloader
INFO 2025-08-01 11:57:11,164 autoreload 4341 139892132905216 /home/ubuntu/.local/lib/python3.13/site-packages/numpy/ma/__init__.py changed, reloading.
INFO 2025-08-01 11:57:11,603 autoreload 4595 140130941739264 Watching for file changes with StatReloader
INFO 2025-08-01 11:57:20,879 autoreload 4927 139676014813440 Watching for file changes with StatReloader
INFO 2025-08-01 11:57:51,795 autoreload 5503 140138513895680 Watching for file changes with StatReloader
INFO 2025-08-01 11:59:49,676 font_manager 6476 139808311562496 Failed to extract font properties from /usr/share/fonts/truetype/noto/NotoColorEmoji.ttf: Can not load face (unknown file format; error code 0x2)
INFO 2025-08-01 11:59:49,680 font_manager 6476 139808311562496 generated new fontManager
INFO 2025-08-01 13:25:48,359 autoreload 3540 140430970528000 Watching for file changes with StatReloader
INFO 2025-08-01 13:26:07,871 autoreload 3540 140430970528000 /workspace/venv/lib/python3.13/site-packages/numpy/_core/arrayprint.py changed, reloading.
INFO 2025-08-01 13:26:08,279 autoreload 3788 140684005011712 Watching for file changes with StatReloader
INFO 2025-08-01 13:26:45,676 font_manager 4276 140409674998016 Failed to extract font properties from /usr/share/fonts/truetype/noto/NotoColorEmoji.ttf: Can not load face (unknown file format; error code 0x2)
INFO 2025-08-01 13:26:45,682 font_manager 4276 140409674998016 generated new fontManager
INFO 2025-08-01 13:27:05,140 autoreload 4584 140464399266048 Watching for file changes with StatReloader
INFO 2025-08-01 13:27:10,454 basehttp 4584 140463560808128 "HEAD /viewer/ HTTP/1.1" 200 0
INFO 2025-08-01 13:27:15,463 middleware 4584 140463560808128 API Request: GET /viewer/api/get-study-images/6/
DEBUG 2025-08-01 13:27:15,466 middleware 4584 140463560808128 Request duration: GET /viewer/api/get-study-images/6/ took 0.003s
INFO 2025-08-01 13:27:15,466 middleware 4584 140463560808128 API Response: GET /viewer/api/get-study-images/6/ - Status: 403
DEBUG 2025-08-01 13:27:15,466 middleware 4584 140463560808128 Response size: 73 bytes
WARNING 2025-08-01 13:27:15,467 log 4584 140463560808128 Forbidden: /viewer/api/get-study-images/6/
WARNING 2025-08-01 13:27:15,467 basehttp 4584 140463560808128 "GET /viewer/api/get-study-images/6/ HTTP/1.1" 403 73
INFO 2025-08-01 13:28:06,466 autoreload 3788 140684005011712 /workspace/viewer/views.py changed, reloading.
INFO 2025-08-01 13:28:06,564 autoreload 4584 140464399266048 /workspace/viewer/views.py changed, reloading.
INFO 2025-08-01 13:28:06,858 autoreload 5156 140717825523968 Watching for file changes with StatReloader
INFO 2025-08-01 13:28:06,992 autoreload 5157 139776538161408 Watching for file changes with StatReloader
INFO 2025-08-01 13:28:10,689 autoreload 5156 140717825523968 /workspace/viewer/views.py changed, reloading.
INFO 2025-08-01 13:28:11,117 autoreload 5210 140615452061952 Watching for file changes with StatReloader
INFO 2025-08-01 13:28:15,321 middleware 5210 140614613518016 API Request: GET /viewer/api/get-study-images/6/
DEBUG 2025-08-01 13:28:15,327 middleware 5210 140614613518016 Request duration: GET /viewer/api/get-study-images/6/ took 0.005s
INFO 2025-08-01 13:28:15,327 middleware 5210 140614613518016 API Response: GET /viewer/api/get-study-images/6/ - Status: 200
DEBUG 2025-08-01 13:28:15,327 middleware 5210 140614613518016 Response size: 877 bytes
INFO 2025-08-01 13:28:15,327 basehttp 5210 140614613518016 "GET /viewer/api/get-study-images/6/ HTTP/1.1" 200 877
INFO 2025-08-01 13:28:21,100 middleware 5210 140614613518016 API Request: GET /viewer/api/images/5/data/
DEBUG 2025-08-01 13:28:21,102 middleware 5210 140614613518016 Request duration: GET /viewer/api/images/5/data/ took 0.002s
INFO 2025-08-01 13:28:21,102 middleware 5210 140614613518016 API Response: GET /viewer/api/images/5/data/ - Status: 500
DEBUG 2025-08-01 13:28:21,102 middleware 5210 140614613518016 Response size: 70 bytes
ERROR 2025-08-01 13:28:21,103 log 5210 140614613518016 Internal Server Error: /viewer/api/images/5/data/
ERROR 2025-08-01 13:28:21,103 basehttp 5210 140614613518016 "GET /viewer/api/images/5/data/ HTTP/1.1" 500 70
INFO 2025-08-01 13:29:26,487 autoreload 5210 140615452061952 /workspace/viewer/models.py changed, reloading.
INFO 2025-08-01 13:29:26,903 autoreload 6026 140064998142208 Watching for file changes with StatReloader
INFO 2025-08-01 13:29:33,265 middleware 6026 140064159659712 API Request: GET /viewer/api/images/5/data/
DEBUG 2025-08-01 13:29:33,268 middleware 6026 140064159659712 Request duration: GET /viewer/api/images/5/data/ took 0.004s
INFO 2025-08-01 13:29:33,268 middleware 6026 140064159659712 API Response: GET /viewer/api/images/5/data/ - Status: 200
DEBUG 2025-08-01 13:29:33,268 middleware 6026 140064159659712 Response size: 5826 bytes
INFO 2025-08-01 13:29:33,269 basehttp 6026 140064159659712 "GET /viewer/api/images/5/data/ HTTP/1.1" 200 5826
INFO 2025-08-01 13:29:42,719 autoreload 6026 140064998142208 /workspace/viewer/models.py changed, reloading.
INFO 2025-08-01 13:29:43,149 autoreload 6215 140381246091520 Watching for file changes with StatReloader
INFO 2025-08-01 13:29:47,190 middleware 6215 140380407666368 API Request: GET /viewer/api/images/5/data/
DEBUG 2025-08-01 13:29:47,194 middleware 6215 140380407666368 Request duration: GET /viewer/api/images/5/data/ took 0.004s
INFO 2025-08-01 13:29:47,194 middleware 6215 140380407666368 API Response: GET /viewer/api/images/5/data/ - Status: 200
DEBUG 2025-08-01 13:29:47,194 middleware 6215 140380407666368 Response size: 5826 bytes
INFO 2025-08-01 13:29:47,194 basehttp 6215 140380407666368 "GET /viewer/api/images/5/data/ HTTP/1.1" 200 5826
INFO 2025-08-01 13:30:56,754 basehttp 6215 140380407666368 "GET /viewer/study/6/ HTTP/1.1" 200 34277
INFO 2025-08-02 06:23:24,543 autoreload 2846 140661192622336 Watching for file changes with StatReloader
INFO 2025-08-02 06:23:49,803 autoreload 2846 140661192622336 /home/ubuntu/.local/lib/python3.13/site-packages/numpy/_typing/_nested_sequence.py changed, reloading.
INFO 2025-08-02 06:23:50,212 autoreload 3004 139966572400896 Watching for file changes with StatReloader
INFO 2025-08-02 06:24:03,558 font_manager 3151 140056653926656 Failed to extract font properties from /usr/share/fonts/truetype/noto/NotoColorEmoji.ttf: Can not load face (unknown file format; error code 0x2)
INFO 2025-08-02 06:24:03,563 font_manager 3151 140056653926656 generated new fontManager
INFO 2025-08-02 06:40:13,591 autoreload 6132 140435462848768 Watching for file changes with StatReloader
INFO 2025-08-02 06:41:01,023 basehttp 6132 140434622912192 "GET / HTTP/1.1" 200 9926
INFO 2025-08-02 06:41:01,029 basehttp 6132 140434622912192 "GET /viewer/ HTTP/1.1" 200 35637
INFO 2025-08-02 06:41:01,033 basehttp 6132 140434622912192 "GET /static/js/dicom_viewer_comprehensive_fix.js HTTP/1.1" 200 27855
INFO 2025-08-02 06:41:01,035 basehttp 6132 140434614519488 "GET /static/js/dicom_viewer_advanced.js HTTP/1.1" 200 88584
INFO 2025-08-02 06:41:01,036 basehttp 6132 140434622912192 "GET /static/css/dicom_viewer_advanced.css HTTP/1.1" 200 30776
INFO 2025-08-02 06:41:01,037 middleware 6132 140434622912192 API Request: GET /viewer/api/studies/
DEBUG 2025-08-02 06:41:01,039 middleware 6132 140434622912192 Request duration: GET /viewer/api/studies/ took 0.002s
INFO 2025-08-02 06:41:01,039 middleware 6132 140434622912192 API Response: GET /viewer/api/studies/ - Status: 200
DEBUG 2025-08-02 06:41:01,039 middleware 6132 140434622912192 Response size: 2 bytes
INFO 2025-08-02 06:41:01,039 basehttp 6132 140434622912192 "GET /viewer/api/studies/ HTTP/1.1" 200 2
INFO 2025-08-02 06:41:01,040 middleware 6132 140434614519488 API Request: GET /viewer/api/series/
DEBUG 2025-08-02 06:41:01,044 middleware 6132 140434614519488 Request duration: GET /viewer/api/series/ took 0.003s
INFO 2025-08-02 06:41:01,044 middleware 6132 140434614519488 API Response: GET /viewer/api/series/ - Status: 404
DEBUG 2025-08-02 06:41:01,044 middleware 6132 140434614519488 Response size: 18460 bytes
WARNING 2025-08-02 06:41:01,044 log 6132 140434614519488 Not Found: /viewer/api/series/
WARNING 2025-08-02 06:41:01,044 basehttp 6132 140434614519488 "GET /viewer/api/series/ HTTP/1.1" 404 18460
INFO 2025-08-02 06:41:01,046 middleware 6132 140434622912192 API Request: GET /viewer/api/viewer-state/
DEBUG 2025-08-02 06:41:01,050 middleware 6132 140434622912192 Request duration: GET /viewer/api/viewer-state/ took 0.004s
INFO 2025-08-02 06:41:01,050 middleware 6132 140434622912192 API Response: GET /viewer/api/viewer-state/ - Status: 404
DEBUG 2025-08-02 06:41:01,050 middleware 6132 140434622912192 Response size: 18478 bytes
WARNING 2025-08-02 06:41:01,050 log 6132 140434622912192 Not Found: /viewer/api/viewer-state/
WARNING 2025-08-02 06:41:01,050 basehttp 6132 140434622912192 "GET /viewer/api/viewer-state/ HTTP/1.1" 404 18478
INFO 2025-08-02 06:41:01,052 basehttp 6132 140434622912192 "GET /static/js/dicom_viewer_comprehensive_fix.js HTTP/1.1" 200 27855
INFO 2025-08-02 06:42:59,533 basehttp 6132 140434622912192 "GET / HTTP/1.1" 200 9926
INFO 2025-08-02 06:42:59,538 basehttp 6132 140434622912192 "GET /viewer/ HTTP/1.1" 200 35709
INFO 2025-08-02 06:42:59,540 basehttp 6132 140434622912192 "GET /static/js/dicom_viewer_comprehensive_fix.js HTTP/1.1" 200 27855
INFO 2025-08-02 06:42:59,541 basehttp 6132 140434614519488 "GET /static/js/dicom_viewer_advanced.js HTTP/1.1" 200 88584
INFO 2025-08-02 06:42:59,543 basehttp 6132 140434622912192 "GET /static/css/dicom_viewer_advanced.css HTTP/1.1" 200 30776
INFO 2025-08-02 06:42:59,544 middleware 6132 140434622912192 API Request: GET /viewer/api/studies/
DEBUG 2025-08-02 06:42:59,546 middleware 6132 140434622912192 Request duration: GET /viewer/api/studies/ took 0.002s
INFO 2025-08-02 06:42:59,546 middleware 6132 140434622912192 API Response: GET /viewer/api/studies/ - Status: 200
DEBUG 2025-08-02 06:42:59,546 middleware 6132 140434622912192 Response size: 2 bytes
INFO 2025-08-02 06:42:59,546 basehttp 6132 140434622912192 "GET /viewer/api/studies/ HTTP/1.1" 200 2
INFO 2025-08-02 06:42:59,548 middleware 6132 140434614519488 API Request: GET /viewer/api/series/
DEBUG 2025-08-02 06:42:59,552 middleware 6132 140434614519488 Request duration: GET /viewer/api/series/ took 0.004s
INFO 2025-08-02 06:42:59,552 middleware 6132 140434614519488 API Response: GET /viewer/api/series/ - Status: 404
DEBUG 2025-08-02 06:42:59,552 middleware 6132 140434614519488 Response size: 18460 bytes
WARNING 2025-08-02 06:42:59,552 log 6132 140434614519488 Not Found: /viewer/api/series/
WARNING 2025-08-02 06:42:59,552 basehttp 6132 140434614519488 "GET /viewer/api/series/ HTTP/1.1" 404 18460
INFO 2025-08-02 06:42:59,553 middleware 6132 140434622912192 API Request: GET /viewer/api/viewer-state/
DEBUG 2025-08-02 06:42:59,556 middleware 6132 140434622912192 Request duration: GET /viewer/api/viewer-state/ took 0.003s
INFO 2025-08-02 06:42:59,556 middleware 6132 140434622912192 API Response: GET /viewer/api/viewer-state/ - Status: 404
DEBUG 2025-08-02 06:42:59,556 middleware 6132 140434622912192 Response size: 18478 bytes
WARNING 2025-08-02 06:42:59,556 log 6132 140434622912192 Not Found: /viewer/api/viewer-state/
WARNING 2025-08-02 06:42:59,556 basehttp 6132 140434622912192 "GET /viewer/api/viewer-state/ HTTP/1.1" 404 18478
INFO 2025-08-02 06:42:59,558 basehttp 6132 140434622912192 "GET /static/js/dicom_viewer_comprehensive_fix.js HTTP/1.1" 200 27855
INFO 2025-08-02 06:44:00,731 basehttp 6132 140434622912192 "GET / HTTP/1.1" 200 9926
INFO 2025-08-02 06:44:00,734 basehttp 6132 140434622912192 "GET /viewer/ HTTP/1.1" 200 35709
INFO 2025-08-02 06:44:00,736 middleware 6132 140434622912192 API Request: GET /viewer/api/studies/
DEBUG 2025-08-02 06:44:00,737 middleware 6132 140434622912192 Request duration: GET /viewer/api/studies/ took 0.001s
INFO 2025-08-02 06:44:00,737 middleware 6132 140434622912192 API Response: GET /viewer/api/studies/ - Status: 200
DEBUG 2025-08-02 06:44:00,737 middleware 6132 140434622912192 Response size: 2 bytes
INFO 2025-08-02 06:44:00,737 basehttp 6132 140434622912192 "GET /viewer/api/studies/ HTTP/1.1" 200 2
INFO 2025-08-02 06:44:00,739 middleware 6132 140434614519488 API Request: GET /viewer/api/test/
DEBUG 2025-08-02 06:44:00,741 middleware 6132 140434614519488 Request duration: GET /viewer/api/test/ took 0.002s
INFO 2025-08-02 06:44:00,741 middleware 6132 140434614519488 API Response: GET /viewer/api/test/ - Status: 200
DEBUG 2025-08-02 06:44:00,741 middleware 6132 140434614519488 Response size: 131 bytes
INFO 2025-08-02 06:44:00,741 basehttp 6132 140434614519488 "GET /viewer/api/test/ HTTP/1.1" 200 131
INFO 2025-08-02 06:44:00,743 middleware 6132 140434622912192 API Request: GET /viewer/api/get-study-images/1/
DEBUG 2025-08-02 06:44:00,745 middleware 6132 140434622912192 Request duration: GET /viewer/api/get-study-images/1/ took 0.003s
INFO 2025-08-02 06:44:00,745 middleware 6132 140434622912192 API Response: GET /viewer/api/get-study-images/1/ - Status: 500
DEBUG 2025-08-02 06:44:00,745 middleware 6132 140434622912192 Response size: 69 bytes
ERROR 2025-08-02 06:44:00,746 log 6132 140434622912192 Internal Server Error: /viewer/api/get-study-images/1/
ERROR 2025-08-02 06:44:00,746 basehttp 6132 140434622912192 "GET /viewer/api/get-study-images/1/ HTTP/1.1" 500 69
INFO 2025-08-02 06:44:00,747 middleware 6132 140434614519488 API Request: GET /viewer/api/worklist/
ERROR 2025-08-02 06:44:00,748 views 6132 140434614519488 Error getting worklist: 'WorklistEntry' object has no attribute 'study_date'
DEBUG 2025-08-02 06:44:00,748 middleware 6132 140434614519488 Request duration: GET /viewer/api/worklist/ took 0.001s
INFO 2025-08-02 06:44:00,749 middleware 6132 140434614519488 API Response: GET /viewer/api/worklist/ - Status: 400
DEBUG 2025-08-02 06:44:00,749 middleware 6132 140434614519488 Response size: 65 bytes
WARNING 2025-08-02 06:44:00,749 log 6132 140434614519488 Bad Request: /viewer/api/worklist/
WARNING 2025-08-02 06:44:00,749 basehttp 6132 140434614519488 "GET /viewer/api/worklist/ HTTP/1.1" 400 65
INFO 2025-08-02 06:44:00,750 middleware 6132 140434604029632 API Request: GET /viewer/api/get-image-data/1/
DEBUG 2025-08-02 06:44:00,755 middleware 6132 140434604029632 Request duration: GET /viewer/api/get-image-data/1/ took 0.004s
INFO 2025-08-02 06:44:00,755 middleware 6132 140434604029632 API Response: GET /viewer/api/get-image-data/1/ - Status: 500
DEBUG 2025-08-02 06:44:00,755 middleware 6132 140434604029632 Response size: 69 bytes
ERROR 2025-08-02 06:44:00,755 log 6132 140434604029632 Internal Server Error: /viewer/api/get-image-data/1/
ERROR 2025-08-02 06:44:00,755 basehttp 6132 140434604029632 "GET /viewer/api/get-image-data/1/ HTTP/1.1" 500 69
INFO 2025-08-02 06:44:00,757 basehttp 6132 140434614519488 "GET /static/css/dicom_viewer_advanced.css HTTP/1.1" 200 30776
INFO 2025-08-02 06:44:00,759 basehttp 6132 140434594588352 "GET /static/js/dicom_viewer_advanced.js HTTP/1.1" 200 88584
INFO 2025-08-02 06:44:00,760 basehttp 6132 140434614519488 "GET /static/js/dicom_viewer_button_fixes.js HTTP/1.1" 200 20081
INFO 2025-08-02 06:44:00,764 basehttp 6132 140434594588352 "GET /static/js/dicom_viewer_comprehensive_fix.js HTTP/1.1" 200 27855
INFO 2025-08-02 06:44:00,765 basehttp 6132 140434614519488 "GET /static/js/dicom_viewer_additional_fixes.js HTTP/1.1" 200 2325
INFO 2025-08-02 06:44:00,767 basehttp 6132 140434614519488 "GET /static/js/dicom_viewer_comprehensive_fix.js HTTP/1.1" 200 27855
